D:\angular-projects\First\API\WebApi\WebApi\firstapi\dist\out-tsc\app\services\employee.service.js
D:\angular-projects\First\API\WebApi\WebApi\firstapi\dist\out-tsc\app\services\employee.service.js.map
D:\angular-projects\First\API\WebApi\WebApi\firstapi\dist\out-tsc\app\services\snack.service.js
D:\angular-projects\First\API\WebApi\WebApi\firstapi\dist\out-tsc\app\services\snack.service.js.map
D:\angular-projects\First\API\WebApi\WebApi\firstapi\dist\out-tsc\app\employee\employee.component.js
D:\angular-projects\First\API\WebApi\WebApi\firstapi\dist\out-tsc\app\employee\employee.component.js.map
D:\angular-projects\First\API\WebApi\WebApi\firstapi\dist\out-tsc\app\emp-liste\emp-liste.component.js
D:\angular-projects\First\API\WebApi\WebApi\firstapi\dist\out-tsc\app\emp-liste\emp-liste.component.js.map
D:\angular-projects\First\API\WebApi\WebApi\firstapi\dist\out-tsc\app\update\update.component.js
D:\angular-projects\First\API\WebApi\WebApi\firstapi\dist\out-tsc\app\update\update.component.js.map
D:\angular-projects\First\API\WebApi\WebApi\firstapi\dist\out-tsc\app\details\details.component.js
D:\angular-projects\First\API\WebApi\WebApi\firstapi\dist\out-tsc\app\details\details.component.js.map
D:\angular-projects\First\API\WebApi\WebApi\firstapi\dist\out-tsc\app\app-routing.module.js
D:\angular-projects\First\API\WebApi\WebApi\firstapi\dist\out-tsc\app\app-routing.module.js.map
D:\angular-projects\First\API\WebApi\WebApi\firstapi\dist\out-tsc\app\app.component.js
D:\angular-projects\First\API\WebApi\WebApi\firstapi\dist\out-tsc\app\app.component.js.map
D:\angular-projects\First\API\WebApi\WebApi\firstapi\dist\out-tsc\app\header\header.component.js
D:\angular-projects\First\API\WebApi\WebApi\firstapi\dist\out-tsc\app\header\header.component.js.map
D:\angular-projects\First\API\WebApi\WebApi\firstapi\dist\out-tsc\app\footer\footer.component.js
D:\angular-projects\First\API\WebApi\WebApi\firstapi\dist\out-tsc\app\footer\footer.component.js.map
D:\angular-projects\First\API\WebApi\WebApi\firstapi\dist\out-tsc\app\app.module.js
D:\angular-projects\First\API\WebApi\WebApi\firstapi\dist\out-tsc\app\app.module.js.map
D:\angular-projects\First\API\WebApi\WebApi\firstapi\dist\out-tsc\main.js
D:\angular-projects\First\API\WebApi\WebApi\firstapi\dist\out-tsc\main.js.map
D:\angular-projects\First\API\WebApi\WebApi\firstapi\dist\out-tsc\app\app.component.spec.js
D:\angular-projects\First\API\WebApi\WebApi\firstapi\dist\out-tsc\app\app.component.spec.js.map
D:\angular-projects\First\API\WebApi\WebApi\firstapi\dist\out-tsc\app\details\details.component.spec.js
D:\angular-projects\First\API\WebApi\WebApi\firstapi\dist\out-tsc\app\details\details.component.spec.js.map
D:\angular-projects\First\API\WebApi\WebApi\firstapi\dist\out-tsc\app\emp-liste\emp-liste.component.spec.js
D:\angular-projects\First\API\WebApi\WebApi\firstapi\dist\out-tsc\app\emp-liste\emp-liste.component.spec.js.map
D:\angular-projects\First\API\WebApi\WebApi\firstapi\dist\out-tsc\app\employee\employee.component.spec.js
D:\angular-projects\First\API\WebApi\WebApi\firstapi\dist\out-tsc\app\employee\employee.component.spec.js.map
D:\angular-projects\First\API\WebApi\WebApi\firstapi\dist\out-tsc\app\footer\footer.component.spec.js
D:\angular-projects\First\API\WebApi\WebApi\firstapi\dist\out-tsc\app\footer\footer.component.spec.js.map
D:\angular-projects\First\API\WebApi\WebApi\firstapi\dist\out-tsc\app\header\header.component.spec.js
D:\angular-projects\First\API\WebApi\WebApi\firstapi\dist\out-tsc\app\header\header.component.spec.js.map
D:\angular-projects\First\API\WebApi\WebApi\firstapi\dist\out-tsc\app\update\update.component.spec.js
D:\angular-projects\First\API\WebApi\WebApi\firstapi\dist\out-tsc\app\update\update.component.spec.js.map
